<?xml version="1.0" encoding="UTF-8"?>
<!-- Generated by org.testng.reporters.JUnitReportReporter -->
<testsuite hostname="1-HP" name="com.example.tests.ContactCreationTests" tests="2" failures="0" timestamp="28 Apr 2015 23:11:18 GMT" time="14.904" errors="0">
  <testcase name="testEmptyContactCreation" time="7.352" classname="com.example.tests.ContactCreationTests"/>
  <testcase name="testNonEmptyContactCreation" time="7.552" classname="com.example.tests.ContactCreationTests"/>
</testsuite> <!-- com.example.tests.ContactCreationTests -->
