<?xml version="1.0" encoding="UTF-8"?>
<!-- Generated by org.testng.reporters.JUnitReportReporter -->
<testsuite hostname="1-HP" name="com.example.tests.ContactRemovalTests" tests="1" failures="0" timestamp="30 Apr 2015 20:44:58 GMT" time="2.140" errors="0">
  <testcase name="deleteSomeContact" time="2.140" classname="com.example.tests.ContactRemovalTests"/>
</testsuite> <!-- com.example.tests.ContactRemovalTests -->
