<?xml version="1.0" encoding="UTF-8"?>
<!-- Generated by org.testng.reporters.JUnitReportReporter -->
<testsuite hostname="1-HP" name="com.example.tests.GroupRemovalTests" tests="1" failures="0" timestamp="30 Apr 2015 20:47:24 GMT" time="2.384" errors="0">
  <testcase name="deleteSomeGroup" time="2.384" classname="com.example.tests.GroupRemovalTests"/>
</testsuite> <!-- com.example.tests.GroupRemovalTests -->
