<?xml version="1.0" encoding="UTF-8"?>
<!-- Generated by org.testng.reporters.JUnitReportReporter -->
<testsuite hostname="1-HP" name="com.example.tests.ContactCreationTests" tests="2" failures="0" timestamp="29 Apr 2015 22:07:38 GMT" time="13.779" errors="0">
  <testcase name="testNonEmptyContactCreation" time="7.191" classname="com.example.tests.ContactCreationTests"/>
  <testcase name="testEmptyContactCreation" time="6.588" classname="com.example.tests.ContactCreationTests"/>
</testsuite> <!-- com.example.tests.ContactCreationTests -->
