<?xml version="1.0" encoding="UTF-8"?>
<!-- Generated by org.testng.reporters.JUnitReportReporter -->
<testsuite hostname="1-HP" name="com.example.tests.ContactModificationTest" tests="1" failures="0" timestamp="30 Apr 2015 20:40:33 GMT" time="2.896" errors="0">
  <testcase name="modifySomeContact" time="2.896" classname="com.example.tests.ContactModificationTest"/>
</testsuite> <!-- com.example.tests.ContactModificationTest -->
