<?xml version="1.0" encoding="UTF-8"?>
<!-- Generated by org.testng.reporters.JUnitReportReporter -->
<testsuite hostname="1-HP" name="com.example.tests.GroupCreationTests" tests="2" failures="0" timestamp="30 Apr 2015 20:46:29 GMT" time="6.590" errors="0">
  <testcase name="testEmptyGropCreation" time="3.508" classname="com.example.tests.GroupCreationTests"/>
  <testcase name="testNonEmptyGropCreation" time="3.082" classname="com.example.tests.GroupCreationTests"/>
</testsuite> <!-- com.example.tests.GroupCreationTests -->
