<?xml version="1.0" encoding="UTF-8"?>
<!-- Generated by org.testng.reporters.JUnitReportReporter -->
<testsuite hostname="1-HP" name="com.example.tests.GroupModificationTests" tests="1" failures="0" timestamp="30 Apr 2015 00:14:16 GMT" time="5.134" errors="0">
  <testcase name="modifySomeGroup" time="5.134" classname="com.example.tests.GroupModificationTests"/>
</testsuite> <!-- com.example.tests.GroupModificationTests -->
