<?xml version="1.0" encoding="UTF-8"?>
<!-- Generated by org.testng.reporters.JUnitReportReporter -->
<testsuite hostname="1-HP" name="com.example.tests.ContactCreationTests" tests="2" failures="0" timestamp="30 Apr 2015 20:38:58 GMT" time="13.071" errors="0">
  <testcase name="testNonEmptyContactCreation" time="6.723" classname="com.example.tests.ContactCreationTests"/>
  <testcase name="testEmptyContactCreation" time="6.348" classname="com.example.tests.ContactCreationTests"/>
</testsuite> <!-- com.example.tests.ContactCreationTests -->
