<?xml version="1.0" encoding="UTF-8"?>
<!-- Generated by org.testng.reporters.JUnitReportReporter -->
<testsuite hostname="1-HP" name="com.example.tests.GroupCreationTests" tests="2" failures="0" timestamp="28 Apr 2015 23:11:18 GMT" time="7.935" errors="0">
  <testcase name="testNonEmptyGropCreation" time="3.629" classname="com.example.tests.GroupCreationTests"/>
  <testcase name="testEmptyGropCreation" time="4.306" classname="com.example.tests.GroupCreationTests"/>
</testsuite> <!-- com.example.tests.GroupCreationTests -->
