<?xml version="1.0" encoding="UTF-8"?>
<!-- Generated by org.testng.reporters.JUnitReportReporter -->
<testsuite hostname="1-HP" name="com.example.tests.GroupRemovalTests" tests="1" failures="0" timestamp="29 Apr 2015 23:41:17 GMT" time="5.478" errors="0">
  <testcase name="deleteSomeGroup" time="5.478" classname="com.example.tests.GroupRemovalTests"/>
</testsuite> <!-- com.example.tests.GroupRemovalTests -->
